# This file was automatically generated by cupsd(8) from the
# /etc/cups/printers.conf file. All changes to this file
# will be lost.
mcpinklabl1-89
mcacc1-23-l
mcacc1-23-p
mcaccct1-108-p
mcacct1-108-l
mcacct10-236
mcbus12-120-l
mcbus12-120-p
mcbus12-18
mccarinv1-6
mccir1-98-l
mccir1-98-p
mccirman1-24-l
mccirman1-24-p
mccirts1-120-l
mccirts1-120-p
mcclass1-27-l
mcclass1-27-p
mccmofc1-23-l
mccmofc1-23-p
mccsd1-43-l
mccsd1-43-p
mccvcir48-37-l
mccvcir48-37-p
mcdescir48-90l
mcdescir48-90p
mcdpops1-6-l
mcdpops2-1-144
mcdpops3-1-143
mcdpops4-1-21
mceastdc1-42
mchickhil48-71
mcit1-13-l
mcit1-13-p
mcmaillabl1-88
mcpbsgrp2-1-91
mcwhthav48-29l
root
Tue Jul 1 16:20:03 CDT 2014
